This is pdfTeX, Version 3.14159265-2.6-1.40.16 (TeX Live 2015/Arch Linux) (preloaded format=pdflatex 2015.9.17)  11 NOV 2015 18:35
entering extended mode
 restricted \write18 enabled.
 file:line:error style messages enabled.
 %&-line parsing enabled.
**Anecdotario.tex
(./Anecdotario.tex
LaTeX2e <2015/01/01>
Babel <3.9l> and hyphenation patterns for 79 languages loaded.
(/usr/share/texmf-dist/tex/latex/base/book.cls
Document Class: book 2014/09/29 v1.4h Standard LaTeX document class
(/usr/share/texmf-dist/tex/latex/base/bk12.clo
File: bk12.clo 2014/09/29 v1.4h Standard LaTeX file (size option)
)
\c@part=\count79
\c@chapter=\count80
\c@section=\count81
\c@subsection=\count82
\c@subsubsection=\count83
\c@paragraph=\count84
\c@subparagraph=\count85
\c@figure=\count86
\c@table=\count87
\abovecaptionskip=\skip41
\belowcaptionskip=\skip42
\bibindent=\dimen102
)
(/usr/share/texmf-dist/tex/latex/base/inputenc.sty
Package: inputenc 2015/03/17 v1.2c Input encoding file
\inpenc@prehook=\toks14
\inpenc@posthook=\toks15

(/usr/share/texmf-dist/tex/latex/base/utf8.def
File: utf8.def 2014/09/29 v1.1m UTF-8 support for inputenc
Now handling font encoding OML ...
... no UTF-8 mapping file for font encoding OML
Now handling font encoding T1 ...
... processing UTF-8 mapping file for font encoding T1

(/usr/share/texmf-dist/tex/latex/base/t1enc.dfu
File: t1enc.dfu 2014/09/29 v1.1m UTF-8 support for inputenc
   defining Unicode char U+00A1 (decimal 161)
   defining Unicode char U+00A3 (decimal 163)
   defining Unicode char U+00AB (decimal 171)
   defining Unicode char U+00BB (decimal 187)
   defining Unicode char U+00BF (decimal 191)
   defining Unicode char U+00C0 (decimal 192)
   defining Unicode char U+00C1 (decimal 193)
   defining Unicode char U+00C2 (decimal 194)
   defining Unicode char U+00C3 (decimal 195)
   defining Unicode char U+00C4 (decimal 196)
   defining Unicode char U+00C5 (decimal 197)
   defining Unicode char U+00C6 (decimal 198)
   defining Unicode char U+00C7 (decimal 199)
   defining Unicode char U+00C8 (decimal 200)
   defining Unicode char U+00C9 (decimal 201)
   defining Unicode char U+00CA (decimal 202)
   defining Unicode char U+00CB (decimal 203)
   defining Unicode char U+00CC (decimal 204)
   defining Unicode char U+00CD (decimal 205)
   defining Unicode char U+00CE (decimal 206)
   defining Unicode char U+00CF (decimal 207)
   defining Unicode char U+00D0 (decimal 208)
   defining Unicode char U+00D1 (decimal 209)
   defining Unicode char U+00D2 (decimal 210)
   defining Unicode char U+00D3 (decimal 211)
   defining Unicode char U+00D4 (decimal 212)
   defining Unicode char U+00D5 (decimal 213)
   defining Unicode char U+00D6 (decimal 214)
   defining Unicode char U+00D8 (decimal 216)
   defining Unicode char U+00D9 (decimal 217)
   defining Unicode char U+00DA (decimal 218)
   defining Unicode char U+00DB (decimal 219)
   defining Unicode char U+00DC (decimal 220)
   defining Unicode char U+00DD (decimal 221)
   defining Unicode char U+00DE (decimal 222)
   defining Unicode char U+00DF (decimal 223)
   defining Unicode char U+00E0 (decimal 224)
   defining Unicode char U+00E1 (decimal 225)
   defining Unicode char U+00E2 (decimal 226)
   defining Unicode char U+00E3 (decimal 227)
   defining Unicode char U+00E4 (decimal 228)
   defining Unicode char U+00E5 (decimal 229)
   defining Unicode char U+00E6 (decimal 230)
   defining Unicode char U+00E7 (decimal 231)
   defining Unicode char U+00E8 (decimal 232)
   defining Unicode char U+00E9 (decimal 233)
   defining Unicode char U+00EA (decimal 234)
   defining Unicode char U+00EB (decimal 235)
   defining Unicode char U+00EC (decimal 236)
   defining Unicode char U+00ED (decimal 237)
   defining Unicode char U+00EE (decimal 238)
   defining Unicode char U+00EF (decimal 239)
   defining Unicode char U+00F0 (decimal 240)
   defining Unicode char U+00F1 (decimal 241)
   defining Unicode char U+00F2 (decimal 242)
   defining Unicode char U+00F3 (decimal 243)
   defining Unicode char U+00F4 (decimal 244)
   defining Unicode char U+00F5 (decimal 245)
   defining Unicode char U+00F6 (decimal 246)
   defining Unicode char U+00F8 (decimal 248)
   defining Unicode char U+00F9 (decimal 249)
   defining Unicode char U+00FA (decimal 250)
   defining Unicode char U+00FB (decimal 251)
   defining Unicode char U+00FC (decimal 252)
   defining Unicode char U+00FD (decimal 253)
   defining Unicode char U+00FE (decimal 254)
   defining Unicode char U+00FF (decimal 255)
   defining Unicode char U+0102 (decimal 258)
   defining Unicode char U+0103 (decimal 259)
   defining Unicode char U+0104 (decimal 260)
   defining Unicode char U+0105 (decimal 261)
   defining Unicode char U+0106 (decimal 262)
   defining Unicode char U+0107 (decimal 263)
   defining Unicode char U+010C (decimal 268)
   defining Unicode char U+010D (decimal 269)
   defining Unicode char U+010E (decimal 270)
   defining Unicode char U+010F (decimal 271)
   defining Unicode char U+0110 (decimal 272)
   defining Unicode char U+0111 (decimal 273)
   defining Unicode char U+0118 (decimal 280)
   defining Unicode char U+0119 (decimal 281)
   defining Unicode char U+011A (decimal 282)
   defining Unicode char U+011B (decimal 283)
   defining Unicode char U+011E (decimal 286)
   defining Unicode char U+011F (decimal 287)
   defining Unicode char U+0130 (decimal 304)
   defining Unicode char U+0131 (decimal 305)
   defining Unicode char U+0132 (decimal 306)
   defining Unicode char U+0133 (decimal 307)
   defining Unicode char U+0139 (decimal 313)
   defining Unicode char U+013A (decimal 314)
   defining Unicode char U+013D (decimal 317)
   defining Unicode char U+013E (decimal 318)
   defining Unicode char U+0141 (decimal 321)
   defining Unicode char U+0142 (decimal 322)
   defining Unicode char U+0143 (decimal 323)
   defining Unicode char U+0144 (decimal 324)
   defining Unicode char U+0147 (decimal 327)
   defining Unicode char U+0148 (decimal 328)
   defining Unicode char U+014A (decimal 330)
   defining Unicode char U+014B (decimal 331)
   defining Unicode char U+0150 (decimal 336)
   defining Unicode char U+0151 (decimal 337)
   defining Unicode char U+0152 (decimal 338)
   defining Unicode char U+0153 (decimal 339)
   defining Unicode char U+0154 (decimal 340)
   defining Unicode char U+0155 (decimal 341)
   defining Unicode char U+0158 (decimal 344)
   defining Unicode char U+0159 (decimal 345)
   defining Unicode char U+015A (decimal 346)
   defining Unicode char U+015B (decimal 347)
   defining Unicode char U+015E (decimal 350)
   defining Unicode char U+015F (decimal 351)
   defining Unicode char U+0160 (decimal 352)
   defining Unicode char U+0161 (decimal 353)
   defining Unicode char U+0162 (decimal 354)
   defining Unicode char U+0163 (decimal 355)
   defining Unicode char U+0164 (decimal 356)
   defining Unicode char U+0165 (decimal 357)
   defining Unicode char U+016E (decimal 366)
   defining Unicode char U+016F (decimal 367)
   defining Unicode char U+0170 (decimal 368)
   defining Unicode char U+0171 (decimal 369)
   defining Unicode char U+0178 (decimal 376)
   defining Unicode char U+0179 (decimal 377)
   defining Unicode char U+017A (decimal 378)
   defining Unicode char U+017B (decimal 379)
   defining Unicode char U+017C (decimal 380)
   defining Unicode char U+017D (decimal 381)
   defining Unicode char U+017E (decimal 382)
   defining Unicode char U+200C (decimal 8204)
   defining Unicode char U+2013 (decimal 8211)
   defining Unicode char U+2014 (decimal 8212)
   defining Unicode char U+2018 (decimal 8216)
   defining Unicode char U+2019 (decimal 8217)
   defining Unicode char U+201A (decimal 8218)
   defining Unicode char U+201C (decimal 8220)
   defining Unicode char U+201D (decimal 8221)
   defining Unicode char U+201E (decimal 8222)
   defining Unicode char U+2030 (decimal 8240)
   defining Unicode char U+2031 (decimal 8241)
   defining Unicode char U+2039 (decimal 8249)
   defining Unicode char U+203A (decimal 8250)
   defining Unicode char U+2423 (decimal 9251)
)
Now handling font encoding OT1 ...
... processing UTF-8 mapping file for font encoding OT1

(/usr/share/texmf-dist/tex/latex/base/ot1enc.dfu
File: ot1enc.dfu 2014/09/29 v1.1m UTF-8 support for inputenc
   defining Unicode char U+00A1 (decimal 161)
   defining Unicode char U+00A3 (decimal 163)
   defining Unicode char U+00B8 (decimal 184)
   defining Unicode char U+00BF (decimal 191)
   defining Unicode char U+00C5 (decimal 197)
   defining Unicode char U+00C6 (decimal 198)
   defining Unicode char U+00D8 (decimal 216)
   defining Unicode char U+00DF (decimal 223)
   defining Unicode char U+00E6 (decimal 230)
   defining Unicode char U+00EC (decimal 236)
   defining Unicode char U+00ED (decimal 237)
   defining Unicode char U+00EE (decimal 238)
   defining Unicode char U+00EF (decimal 239)
   defining Unicode char U+00F8 (decimal 248)
   defining Unicode char U+0131 (decimal 305)
   defining Unicode char U+0141 (decimal 321)
   defining Unicode char U+0142 (decimal 322)
   defining Unicode char U+0152 (decimal 338)
   defining Unicode char U+0153 (decimal 339)
   defining Unicode char U+2013 (decimal 8211)
   defining Unicode char U+2014 (decimal 8212)
   defining Unicode char U+2018 (decimal 8216)
   defining Unicode char U+2019 (decimal 8217)
   defining Unicode char U+201C (decimal 8220)
   defining Unicode char U+201D (decimal 8221)
)
Now handling font encoding OMS ...
... processing UTF-8 mapping file for font encoding OMS

(/usr/share/texmf-dist/tex/latex/base/omsenc.dfu
File: omsenc.dfu 2014/09/29 v1.1m UTF-8 support for inputenc
   defining Unicode char U+00A7 (decimal 167)
   defining Unicode char U+00B6 (decimal 182)
   defining Unicode char U+00B7 (decimal 183)
   defining Unicode char U+2020 (decimal 8224)
   defining Unicode char U+2021 (decimal 8225)
   defining Unicode char U+2022 (decimal 8226)
)
Now handling font encoding OMX ...
... no UTF-8 mapping file for font encoding OMX
Now handling font encoding U ...
... no UTF-8 mapping file for font encoding U
   defining Unicode char U+00A9 (decimal 169)
   defining Unicode char U+00AA (decimal 170)
   defining Unicode char U+00AE (decimal 174)
   defining Unicode char U+00BA (decimal 186)
   defining Unicode char U+02C6 (decimal 710)
   defining Unicode char U+02DC (decimal 732)
   defining Unicode char U+200C (decimal 8204)
   defining Unicode char U+2026 (decimal 8230)
   defining Unicode char U+2122 (decimal 8482)
   defining Unicode char U+2423 (decimal 9251)
))
(/usr/share/texmf-dist/tex/latex/base/fontenc.sty
Package: fontenc 2005/09/27 v1.99g Standard LaTeX package

(/usr/share/texmf-dist/tex/latex/base/t1enc.def
File: t1enc.def 2005/09/27 v1.99g Standard LaTeX file
LaTeX Font Info:    Redeclaring font encoding T1 on input line 48.
))
(/usr/share/texmf-dist/tex/latex/fundus-calligra/calligra.sty
Package: calligra 2012/04/10 v1.9 LaTeX package calligra
)
(/usr/share/texmf-dist/tex/generic/babel/babel.sty
Package: babel 2014/09/25 3.9l The Babel package

(/usr/share/texmf-dist/tex/generic/babel-spanish/spanish.ldf
Language: spanish.ldf 2014/04/24 v5.0n Spanish support from the babel system

(/usr/share/texmf-dist/tex/generic/babel/babel.def
File: babel.def 2014/09/25 3.9l Babel common definitions
\babel@savecnt=\count88
\U@D=\dimen103
)
\es@quottoks=\toks16
\es@quotdepth=\count89
Package babel Info: Making " an active character on input line 516.
Package babel Info: Making . an active character on input line 617.
Package babel Info: Making < an active character on input line 662.
Package babel Info: Making > an active character on input line 662.
)) (./Anecdotario.aux
LaTeX Info: Redefining \. on input line 6.
LaTeX Info: Redefining \% on input line 6.
)
\openout1 = `Anecdotario.aux'.

LaTeX Font Info:    Checking defaults for OML/cmm/m/it on input line 10.
LaTeX Font Info:    ... okay on input line 10.
LaTeX Font Info:    Checking defaults for T1/cmr/m/n on input line 10.
LaTeX Font Info:    ... okay on input line 10.
LaTeX Font Info:    Checking defaults for OT1/cmr/m/n on input line 10.
LaTeX Font Info:    ... okay on input line 10.
LaTeX Font Info:    Checking defaults for OMS/cmsy/m/n on input line 10.
LaTeX Font Info:    ... okay on input line 10.
LaTeX Font Info:    Checking defaults for OMX/cmex/m/n on input line 10.
LaTeX Font Info:    ... okay on input line 10.
LaTeX Font Info:    Checking defaults for U/cmr/m/n on input line 10.
LaTeX Font Info:    ... okay on input line 10.
LaTeX Info: Redefining \. on input line 10.
LaTeX Info: Redefining \% on input line 10.
LaTeX Font Info:    Try loading font information for T1+cmss on input line 11.

(/usr/share/texmf-dist/tex/latex/base/t1cmss.fd
File: t1cmss.fd 2014/09/29 v2.5h Standard LaTeX font definitions
)
LaTeX Font Info:    Font shape `T1/calligra/m/n' will be
(Font)              scaled to size 29.86565pt on input line 11.
LaTeX Font Info:    External font `cmex10' loaded for size
(Font)              <14.4> on input line 11.
LaTeX Font Info:    External font `cmex10' loaded for size
(Font)              <7> on input line 11.
 [1


{/var/lib/texmf/fonts/map/pdftex/updmap/pdftex.map}] [2

] (./Anecdotario.toc
LaTeX Info: Redefining \. on input line 1.
LaTeX Info: Redefining \% on input line 1.
 [3]
LaTeX Info: Redefining \. on input line 25.
LaTeX Info: Redefining \% on input line 25.
 [4])
\tf@toc=\write3
\openout3 = `Anecdotario.toc'.

LaTeX Info: Redefining \. on input line 13.
LaTeX Info: Redefining \% on input line 13.
 [5]
LaTeX Info: Redefining \. on input line 13.
LaTeX Info: Redefining \% on input line 13.
 [6

]
Cap\'{\i }tulo 1.

Underfull \vbox (badness 7012) has occurred while \output is active []

 [7]
Underfull \vbox (badness 1968) has occurred while \output is active []

LaTeX Info: Redefining \. on input line 26.
LaTeX Info: Redefining \% on input line 26.
 [8]
Underfull \vbox (badness 10000) has occurred while \output is active []

 [9]
Underfull \vbox (badness 4752) has occurred while \output is active []

LaTeX Info: Redefining \. on input line 42.
LaTeX Info: Redefining \% on input line 42.
 [10]
Underfull \vbox (badness 4752) has occurred while \output is active []

 [11]
Underfull \vbox (badness 2435) has occurred while \output is active []

LaTeX Info: Redefining \. on input line 62.
LaTeX Info: Redefining \% on input line 62.
 [12]
Underfull \vbox (badness 2435) has occurred while \output is active []

 [13]
Underfull \vbox (badness 1406) has occurred while \output is active []

LaTeX Info: Redefining \. on input line 86.
LaTeX Info: Redefining \% on input line 86.
 [14]
Underfull \vbox (badness 10000) has occurred while \output is active []

 [15]
Underfull \vbox (badness 2435) has occurred while \output is active []

LaTeX Info: Redefining \. on input line 103.
LaTeX Info: Redefining \% on input line 103.
 [16]
[17]
LaTeX Info: Redefining \. on input line 106.
LaTeX Info: Redefining \% on input line 106.
 [18

]
Cap\'{\i }tulo 2.

Underfull \vbox (badness 3590) has occurred while \output is active []

 [19]
LaTeX Info: Redefining \. on input line 119.
LaTeX Info: Redefining \% on input line 119.

[20]
Cap\'{\i }tulo 3.

Underfull \vbox (badness 7012) has occurred while \output is active []

 [21

]
LaTeX Info: Redefining \. on input line 135.
LaTeX Info: Redefining \% on input line 135.

[22]
Cap\'{\i }tulo 4.

Underfull \vbox (badness 10000) has occurred while \output is active []

 [23

]
Underfull \vbox (badness 2435) has occurred while \output is active []

LaTeX Info: Redefining \. on input line 148.
LaTeX Info: Redefining \% on input line 148.
 [24]
Underfull \vbox (badness 10000) has occurred while \output is active []

 [25]
Underfull \vbox (badness 4752) has occurred while \output is active []

LaTeX Info: Redefining \. on input line 162.
LaTeX Info: Redefining \% on input line 162.
 [26]
Underfull \vbox (badness 4752) has occurred while \output is active []

 [27]
Overfull \hbox (15.34126pt too wide) in paragraph at lines 173--174
\T1/cmr/m/n/12 ellas y el de mis cu-ña-das ---ya que to-das ellas me acom-pa-ña
-rían co-mo madrinas---
 []


Underfull \vbox (badness 2435) has occurred while \output is active []

LaTeX Info: Redefining \. on input line 181.
LaTeX Info: Redefining \% on input line 181.
 [28]
Underfull \vbox (badness 10000) has occurred while \output is active []

 [29]
Underfull \vbox (badness 10000) has occurred while \output is active []

LaTeX Info: Redefining \. on input line 193.
LaTeX Info: Redefining \% on input line 193.
 [30]
[31]
LaTeX Info: Redefining \. on input line 198.
LaTeX Info: Redefining \% on input line 198.
 [32

]
Cap\'{\i }tulo 5.

Underfull \vbox (badness 3590) has occurred while \output is active []

 [33]
LaTeX Info: Redefining \. on input line 209.
LaTeX Info: Redefining \% on input line 209.

[34]
Cap\'{\i }tulo 6.

Underfull \vbox (badness 3590) has occurred while \output is active []

 [35

]
Underfull \vbox (badness 4752) has occurred while \output is active []

LaTeX Info: Redefining \. on input line 225.
LaTeX Info: Redefining \% on input line 225.
 [36]
Overfull \hbox (0.69206pt too wide) in paragraph at lines 226--227
[]\T1/cmr/m/n/12 Por or-den pre-si-den-cial fue-ron apre-sa-dos to-dos, a pesar
---después se supo---
 []


Underfull \vbox (badness 4752) has occurred while \output is active []

 [37]
LaTeX Info: Redefining \. on input line 238.
LaTeX Info: Redefining \% on input line 238.

[38]
Cap\'{\i }tulo 7.

Underfull \vbox (badness 2073) has occurred while \output is active []

 [39

]
Underfull \vbox (badness 10000) has occurred while \output is active []

LaTeX Info: Redefining \. on input line 252.
LaTeX Info: Redefining \% on input line 252.
 [40]
Underfull \vbox (badness 1406) has occurred while \output is active []

 [41]
LaTeX Info: Redefining \. on input line 267.
LaTeX Info: Redefining \% on input line 267.

[42]
Cap\'{\i }tulo 8.

Underfull \vbox (badness 7012) has occurred while \output is active []

 [43

]
Underfull \vbox (badness 10000) has occurred while \output is active []

LaTeX Info: Redefining \. on input line 278.
LaTeX Info: Redefining \% on input line 278.
 [44]
Underfull \vbox (badness 4752) has occurred while \output is active []

 [45]
LaTeX Info: Redefining \. on input line 292.
LaTeX Info: Redefining \% on input line 292.

[46]
Cap\'{\i }tulo 9.

Underfull \vbox (badness 7012) has occurred while \output is active []

 [47

]
LaTeX Info: Redefining \. on input line 301.
LaTeX Info: Redefining \% on input line 301.

[48]
Cap\'{\i }tulo 10.

Underfull \vbox (badness 7012) has occurred while \output is active []

 [49

]
LaTeX Info: Redefining \. on input line 312.
LaTeX Info: Redefining \% on input line 312.

[50]
Cap\'{\i }tulo 11.

Underfull \vbox (badness 2073) has occurred while \output is active []

 [51

]
LaTeX Info: Redefining \. on input line 336.
LaTeX Info: Redefining \% on input line 336.

[52]
Underfull \vbox (badness 4752) has occurred while \output is active []

 [53]
Underfull \vbox (badness 2435) has occurred while \output is active []

LaTeX Info: Redefining \. on input line 359.
LaTeX Info: Redefining \% on input line 359.
 [54]
[55]
LaTeX Info: Redefining \. on input line 362.
LaTeX Info: Redefining \% on input line 362.
 [56

]
Cap\'{\i }tulo 12.

Underfull \vbox (badness 4752) has occurred while \output is active []

 [57]
Underfull \vbox (badness 4752) has occurred while \output is active []

LaTeX Info: Redefining \. on input line 375.
LaTeX Info: Redefining \% on input line 375.

Overfull \hbox (36.55177pt too wide) has occurred while \output is active
\T1/cmr/m/n/12 58 \T1/cmr/m/sl/12 CAPÍTULO 12.  CRIADERO DE PERROS ½RUMBO AL ÉX
ITO ECONÓMICO!
 []

[58]
Overfull \hbox (5.74512pt too wide) in paragraph at lines 377--378
[]\T1/cmr/m/n/12 Recuerdo muy bien que la pri-me-ra hem-bri-ta que com-pró era 
una \T1/cmr/m/it/12 Chihuahua
 []


Underfull \vbox (badness 4752) has occurred while \output is active []

 [59]
LaTeX Info: Redefining \. on input line 396.
LaTeX Info: Redefining \% on input line 396.

Overfull \hbox (36.55177pt too wide) has occurred while \output is active
\T1/cmr/m/n/12 60 \T1/cmr/m/sl/12 CAPÍTULO 12.  CRIADERO DE PERROS ½RUMBO AL ÉX
ITO ECONÓMICO!
 []

[60]
Underfull \vbox (badness 2435) has occurred while \output is active []

 [61]
LaTeX Info: Redefining \. on input line 406.
LaTeX Info: Redefining \% on input line 406.

Overfull \hbox (36.55177pt too wide) has occurred while \output is active
\T1/cmr/m/n/12 62 \T1/cmr/m/sl/12 CAPÍTULO 12.  CRIADERO DE PERROS ½RUMBO AL ÉX
ITO ECONÓMICO!
 []

[62]
Cap\'{\i }tulo 13.

Underfull \vbox (badness 3590) has occurred while \output is active []

 [63

]
Underfull \vbox (badness 2435) has occurred while \output is active []

LaTeX Info: Redefining \. on input line 424.
LaTeX Info: Redefining \% on input line 424.
 [64]
Underfull \vbox (badness 2435) has occurred while \output is active []

 [65]
LaTeX Info: Redefining \. on input line 441.
LaTeX Info: Redefining \% on input line 441.

[66]
Cap\'{\i }tulo 14.

Underfull \vbox (badness 3590) has occurred while \output is active []

 [67

]
Underfull \vbox (badness 10000) has occurred while \output is active []

LaTeX Info: Redefining \. on input line 453.
LaTeX Info: Redefining \% on input line 453.
 [68]
Underfull \vbox (badness 10000) has occurred while \output is active []

 [69]
LaTeX Info: Redefining \. on input line 462.
LaTeX Info: Redefining \% on input line 462.

[70]
Cap\'{\i }tulo 15.

Underfull \vbox (badness 3590) has occurred while \output is active []

 [71

]
LaTeX Info: Redefining \. on input line 471.
LaTeX Info: Redefining \% on input line 471.

[72]
Cap\'{\i }tulo 16.

Underfull \vbox (badness 3590) has occurred while \output is active []

 [73

]
Underfull \vbox (badness 10000) has occurred while \output is active []

LaTeX Info: Redefining \. on input line 484.
LaTeX Info: Redefining \% on input line 484.
 [74]
[75]
LaTeX Info: Redefining \. on input line 485.
LaTeX Info: Redefining \% on input line 485.
 [76

]
Cap\'{\i }tulo 17.

Underfull \vbox (badness 3590) has occurred while \output is active []

 [77]
Underfull \vbox (badness 10000) has occurred while \output is active []

LaTeX Info: Redefining \. on input line 497.
LaTeX Info: Redefining \% on input line 497.
 [78]
Underfull \vbox (badness 10000) has occurred while \output is active []

 [79]
Underfull \vbox (badness 10000) has occurred while \output is active []

LaTeX Info: Redefining \. on input line 506.
LaTeX Info: Redefining \% on input line 506.
 [80]
Underfull \vbox (badness 2435) has occurred while \output is active []

 [81]
Underfull \vbox (badness 10000) has occurred while \output is active []

LaTeX Info: Redefining \. on input line 521.
LaTeX Info: Redefining \% on input line 521.
 [82]
Underfull \vbox (badness 10000) has occurred while \output is active []

 [83]
LaTeX Info: Redefining \. on input line 526.
LaTeX Info: Redefining \% on input line 526.

[84]
Cap\'{\i }tulo 18.

Underfull \vbox (badness 3590) has occurred while \output is active []

 [85

]
Underfull \vbox (badness 10000) has occurred while \output is active []

LaTeX Info: Redefining \. on input line 540.
LaTeX Info: Redefining \% on input line 540.
 [86]
Underfull \vbox (badness 4752) has occurred while \output is active []

 [87]
Underfull \vbox (badness 4752) has occurred while \output is active []

LaTeX Info: Redefining \. on input line 560.
LaTeX Info: Redefining \% on input line 560.
 [88]
Underfull \vbox (badness 10000) has occurred while \output is active []

 [89]
LaTeX Info: Redefining \. on input line 569.
LaTeX Info: Redefining \% on input line 569.

[90]
Cap\'{\i }tulo 19.

Underfull \vbox (badness 7012) has occurred while \output is active []

 [91

]
Underfull \vbox (badness 4752) has occurred while \output is active []

LaTeX Info: Redefining \. on input line 585.
LaTeX Info: Redefining \% on input line 585.
 [92]
[93]
LaTeX Info: Redefining \. on input line 587.
LaTeX Info: Redefining \% on input line 587.
 [94

]
Cap\'{\i }tulo 20.

Underfull \vbox (badness 2073) has occurred while \output is active []

 [95]
LaTeX Info: Redefining \. on input line 609.
LaTeX Info: Redefining \% on input line 609.

[96]
Cap\'{\i }tulo 21.

Underfull \vbox (badness 7012) has occurred while \output is active []

 [97

]
Underfull \vbox (badness 10000) has occurred while \output is active []

LaTeX Info: Redefining \. on input line 617.
LaTeX Info: Redefining \% on input line 617.
 [98]
Underfull \vbox (badness 10000) has occurred while \output is active []

 [99]
LaTeX Info: Redefining \. on input line 625.
LaTeX Info: Redefining \% on input line 625.

[100]
Cap\'{\i }tulo 22.

Underfull \vbox (badness 2073) has occurred while \output is active []

 [101

]
Underfull \vbox (badness 2435) has occurred while \output is active []

LaTeX Info: Redefining \. on input line 643.
LaTeX Info: Redefining \% on input line 643.
 [102]
[103]
LaTeX Info: Redefining \. on input line 644.
LaTeX Info: Redefining \% on input line 644.
 [104

]
Cap\'{\i }tulo 23.

Underfull \vbox (badness 3590) has occurred while \output is active []

 [105]
Underfull \vbox (badness 10000) has occurred while \output is active []

LaTeX Info: Redefining \. on input line 659.
LaTeX Info: Redefining \% on input line 659.
 [106]
[107]
LaTeX Info: Redefining \. on input line 665.
LaTeX Info: Redefining \% on input line 665.
 [108

]
Cap\'{\i }tulo 24.

Underfull \vbox (badness 3590) has occurred while \output is active []

 [109]
Underfull \vbox (badness 1406) has occurred while \output is active []

LaTeX Info: Redefining \. on input line 684.
LaTeX Info: Redefining \% on input line 684.
 [110]
[111]
LaTeX Info: Redefining \. on input line 695.
LaTeX Info: Redefining \% on input line 695.
 [112

]
Cap\'{\i }tulo 25.

Underfull \vbox (badness 4752) has occurred while \output is active []

 [113]
Underfull \vbox (badness 10000) has occurred while \output is active []

LaTeX Info: Redefining \. on input line 703.
LaTeX Info: Redefining \% on input line 703.

Overfull \hbox (0.82155pt too wide) has occurred while \output is active
\T1/cmr/m/n/12 114 \T1/cmr/m/sl/12 CAPÍTULO 25.  ¾LAS MASCOTAS ENTIENDEN NUESTR
O IDIOMA?
 []

[114]
Underfull \vbox (badness 4752) has occurred while \output is active []

 [115]
LaTeX Info: Redefining \. on input line 714.
LaTeX Info: Redefining \% on input line 714.

Overfull \hbox (0.82155pt too wide) has occurred while \output is active
\T1/cmr/m/n/12 116 \T1/cmr/m/sl/12 CAPÍTULO 25.  ¾LAS MASCOTAS ENTIENDEN NUESTR
O IDIOMA?
 []

[116]
Cap\'{\i }tulo 26.

Underfull \vbox (badness 7012) has occurred while \output is active []

 [117

]
Underfull \vbox (badness 4752) has occurred while \output is active []

LaTeX Info: Redefining \. on input line 729.
LaTeX Info: Redefining \% on input line 729.
 [118]
[119]
LaTeX Info: Redefining \. on input line 734.
LaTeX Info: Redefining \% on input line 734.
 [120

]
Cap\'{\i }tulo 27.
LaTeX Font Info:    External font `cmex10' loaded for size
(Font)              <12> on input line 737.
LaTeX Font Info:    External font `cmex10' loaded for size
(Font)              <8> on input line 737.
LaTeX Font Info:    External font `cmex10' loaded for size
(Font)              <6> on input line 737.

Underfull \vbox (badness 3590) has occurred while \output is active []

 [121]
Underfull \vbox (badness 10000) has occurred while \output is active []

LaTeX Info: Redefining \. on input line 744.
LaTeX Info: Redefining \% on input line 744.
 [122]
Underfull \vbox (badness 4752) has occurred while \output is active []

 [123]
Underfull \vbox (badness 2435) has occurred while \output is active []

LaTeX Info: Redefining \. on input line 762.
LaTeX Info: Redefining \% on input line 762.
 [124]
[125]
LaTeX Info: Redefining \. on input line 771.
LaTeX Info: Redefining \% on input line 771.
 [126

]
Cap\'{\i }tulo 28.

Underfull \vbox (badness 2073) has occurred while \output is active []

 [127]
Underfull \vbox (badness 2435) has occurred while \output is active []

LaTeX Info: Redefining \. on input line 791.
LaTeX Info: Redefining \% on input line 791.
 [128]
[129]
LaTeX Info: Redefining \. on input line 793.
LaTeX Info: Redefining \% on input line 793.
 [130

]
Cap\'{\i }tulo 29.

Underfull \vbox (badness 2073) has occurred while \output is active []

 [131]
Underfull \vbox (badness 2435) has occurred while \output is active []

LaTeX Info: Redefining \. on input line 812.
LaTeX Info: Redefining \% on input line 812.
 [132]
Underfull \vbox (badness 10000) has occurred while \output is active []

 [133]
LaTeX Info: Redefining \. on input line 827.
LaTeX Info: Redefining \% on input line 827.

[134] (./Anecdotario.aux
LaTeX Info: Redefining \. on input line 6.
LaTeX Info: Redefining \% on input line 6.
) ) 
Here is how much of TeX's memory you used:
 1536 strings out of 493089
 17476 string characters out of 6140694
 81823 words of memory out of 5000000
 5037 multiletter control sequences out of 15000+600000
 20469 words of font info for 44 fonts, out of 8000000 for 9000
 1141 hyphenation exceptions out of 8191
 27i,7n,30p,1771b,594s stack positions out of 5000i,500n,10000p,200000b,80000s
{/usr/share/texmf-dist/fonts/enc/dvips/cm-super/cm-super-t1.enc}</usr/share/
texmf-dist/fonts/type1/calligra-type1/callig15.pfb></usr/share/texmf-dist/fonts
/type1/public/cm-super/sfbi1200.pfb></usr/share/texmf-dist/fonts/type1/public/c
m-super/sfbi2488.pfb></usr/share/texmf-dist/fonts/type1/public/cm-super/sfbx120
0.pfb></usr/share/texmf-dist/fonts/type1/public/cm-super/sfbx1728.pfb></usr/sha
re/texmf-dist/fonts/type1/public/cm-super/sfbx2488.pfb></usr/share/texmf-dist/f
onts/type1/public/cm-super/sfcc1200.pfb></usr/share/texmf-dist/fonts/type1/publ
ic/cm-super/sfrm0800.pfb></usr/share/texmf-dist/fonts/type1/public/cm-super/sfr
m1200.pfb></usr/share/texmf-dist/fonts/type1/public/cm-super/sfrm1440.pfb></usr
/share/texmf-dist/fonts/type1/public/cm-super/sfrm1728.pfb></usr/share/texmf-di
st/fonts/type1/public/cm-super/sfsl1200.pfb></usr/share/texmf-dist/fonts/type1/
public/cm-super/sfss2488.pfb></usr/share/texmf-dist/fonts/type1/public/cm-super
/sfti1200.pfb></usr/share/texmf-dist/fonts/type1/public/cm-super/sfti1440.pfb>
Output written on Anecdotario.pdf (134 pages, 380816 bytes).
PDF statistics:
 498 PDF objects out of 1000 (max. 8388607)
 343 compressed objects within 4 object streams
 0 named destinations out of 1000 (max. 500000)
 1 words of extra memory for PDF output out of 10000 (max. 10000000)

